2019-05-09 15:36:42,113 DEBUG    root            Loaded Command Group: [u'gcloud', u'app']
2019-05-09 15:36:42,116 DEBUG    root            Loaded Command Group: [u'gcloud', u'app', u'logs']
2019-05-09 15:36:42,164 DEBUG    root            Loaded Command Group: [u'gcloud', u'app', u'logs', u'tail']
2019-05-09 15:36:42,167 DEBUG    root            Running [gcloud.app.logs.tail] with arguments: [--service: "default"]
2019-05-09 15:36:42,169 INFO     ___FILE_ONLY___ Waiting for new log entries...

2019-05-09 15:36:44,762 INFO     ___FILE_ONLY___ 2019-05-08 14:41:30 default[20190508t144048]  "GET / HTTP/1.1" 500

2019-05-09 15:36:44,763 INFO     ___FILE_ONLY___ 2019-05-08 14:41:44 default[20190508t144048]  "GET /favicon.ico HTTP/1.1" 500

2019-05-09 15:36:44,764 INFO     ___FILE_ONLY___ 2019-05-08 14:43:11 default[20190508t144048]  "GET /home HTTP/1.1" 500

2019-05-09 15:36:44,764 INFO     ___FILE_ONLY___ 2019-05-08 14:43:12 default[20190508t144048]  "GET /favicon.ico HTTP/1.1" 500

2019-05-09 15:36:44,765 INFO     ___FILE_ONLY___ 2019-05-08 14:43:15 default[20190508t144048]  "GET /home HTTP/1.1" 500

2019-05-09 15:36:44,765 INFO     ___FILE_ONLY___ 2019-05-08 14:43:16 default[20190508t144048]  "GET /favicon.ico HTTP/1.1" 500

2019-05-09 15:36:44,766 INFO     ___FILE_ONLY___ 2019-05-08 14:43:17 default[20190508t144048]  "GET /home HTTP/1.1" 500

2019-05-09 15:36:44,766 INFO     ___FILE_ONLY___ 2019-05-08 14:43:18 default[20190508t144048]  "GET /favicon.ico HTTP/1.1" 500

2019-05-09 15:36:44,767 INFO     ___FILE_ONLY___ 2019-05-08 14:45:21 default[20190508t144443]  "GET / HTTP/1.1" 500

2019-05-09 15:36:44,767 INFO     ___FILE_ONLY___ 2019-05-08 14:45:25 default[20190508t144443]  "GET /favicon.ico HTTP/1.1" 500

2019-05-09 15:36:44,768 INFO     ___FILE_ONLY___ 2019-05-08 14:45:36 default[20190508t144443]  "GET / HTTP/1.1" 500

2019-05-09 15:36:44,768 INFO     ___FILE_ONLY___ 2019-05-08 14:45:37 default[20190508t144443]  "GET /favicon.ico HTTP/1.1" 500

2019-05-09 15:36:44,768 INFO     ___FILE_ONLY___ 2019-05-08 14:45:48 default[20190508t144443]  "GET / HTTP/1.1" 500

2019-05-09 15:36:44,769 INFO     ___FILE_ONLY___ 2019-05-08 14:45:48 default[20190508t144443]  "GET /favicon.ico HTTP/1.1" 500

2019-05-09 15:36:44,769 INFO     ___FILE_ONLY___ 2019-05-08 14:47:36 default[20190508t144443]  "GET / HTTP/1.1" 500

2019-05-09 15:36:44,770 INFO     ___FILE_ONLY___ 2019-05-08 14:47:36 default[20190508t144443]  "GET /favicon.ico HTTP/1.1" 500

2019-05-09 15:36:44,770 INFO     ___FILE_ONLY___ 2019-05-08 14:53:15 default[20190508t144654]  "GET / HTTP/1.1" 500

2019-05-09 15:36:44,771 INFO     ___FILE_ONLY___ 2019-05-08 14:53:17 default[20190508t144654]  "GET /favicon.ico HTTP/1.1" 500

2019-05-09 15:36:44,771 INFO     ___FILE_ONLY___ 2019-05-08 14:54:37 default[20190508t144654]  "GET / HTTP/1.1" 500

2019-05-09 15:36:44,772 INFO     ___FILE_ONLY___ 2019-05-08 14:54:38 default[20190508t144654]  "GET /favicon.ico HTTP/1.1" 500

2019-05-09 15:36:44,772 INFO     ___FILE_ONLY___ 2019-05-08 14:54:59 default[20190508t144654]  "GET / HTTP/1.1" 500

2019-05-09 15:36:44,773 INFO     ___FILE_ONLY___ 2019-05-08 14:54:59 default[20190508t144654]  "GET /favicon.ico HTTP/1.1" 500

2019-05-09 15:36:44,773 INFO     ___FILE_ONLY___ 2019-05-08 14:55:40 default[20190508t144654]  "GET /favicon.ico HTTP/1.1" 500

2019-05-09 15:36:44,774 INFO     ___FILE_ONLY___ 2019-05-08 14:55:41 default[20190508t144654]  "GET /favicon.ico HTTP/1.1" 500

2019-05-09 15:36:44,774 INFO     ___FILE_ONLY___ 2019-05-08 15:04:20 default[20190508t144654]  "GET / HTTP/1.1" 500

2019-05-09 15:36:44,775 INFO     ___FILE_ONLY___ 2019-05-08 15:04:21 default[20190508t144654]  "GET /favicon.ico HTTP/1.1" 500

2019-05-09 15:36:44,775 INFO     ___FILE_ONLY___ 2019-05-08 15:07:57 default[20190508t150602]  "GET / HTTP/1.1" 500

2019-05-09 15:36:44,776 INFO     ___FILE_ONLY___ 2019-05-08 15:08:01 default[20190508t150602]  "GET / HTTP/1.1" 500

2019-05-09 15:36:44,776 INFO     ___FILE_ONLY___ 2019-05-08 15:08:05 default[20190508t150602]  "GET /favicon.ico HTTP/1.1" 500

2019-05-09 15:36:44,777 INFO     ___FILE_ONLY___ 2019-05-08 15:08:17 default[20190508t150602]  "GET / HTTP/1.1" 500

2019-05-09 15:36:44,777 INFO     ___FILE_ONLY___ 2019-05-08 15:08:18 default[20190508t150602]  "GET /favicon.ico HTTP/1.1" 500

2019-05-09 15:36:44,778 INFO     ___FILE_ONLY___ 2019-05-08 15:11:16 default[20190508t150602]  "GET / HTTP/1.1" 500

2019-05-09 15:36:44,778 INFO     ___FILE_ONLY___ 2019-05-08 15:11:17 default[20190508t150602]  "GET /favicon.ico HTTP/1.1" 500

2019-05-09 15:36:44,779 INFO     ___FILE_ONLY___ 2019-05-08 15:20:29 default[20190508t151939]  "GET / HTTP/1.1" 500

2019-05-09 15:36:44,779 INFO     ___FILE_ONLY___ 2019-05-08 15:20:33 default[20190508t151939]  "GET /favicon.ico HTTP/1.1" 500

2019-05-09 15:36:44,779 INFO     ___FILE_ONLY___ 2019-05-08 15:20:42 default[20190508t151939]  "GET / HTTP/1.1" 500

2019-05-09 15:36:44,780 INFO     ___FILE_ONLY___ 2019-05-08 15:20:43 default[20190508t151939]  "GET /favicon.ico HTTP/1.1" 500

2019-05-09 15:36:44,780 INFO     ___FILE_ONLY___ 2019-05-08 15:22:17 default[20190508t152124]  "GET / HTTP/1.1" 500

2019-05-09 15:36:44,781 INFO     ___FILE_ONLY___ 2019-05-08 15:22:20 default[20190508t152124]  "GET /favicon.ico HTTP/1.1" 500

2019-05-09 15:36:44,781 INFO     ___FILE_ONLY___ 2019-05-08 15:23:33 default[20190508t152251]  "GET / HTTP/1.1" 500

2019-05-09 15:36:44,782 INFO     ___FILE_ONLY___ 2019-05-08 15:23:34 default[20190508t152251]  "GET / HTTP/1.1" 500

2019-05-09 15:36:44,782 INFO     ___FILE_ONLY___ 2019-05-08 15:23:37 default[20190508t152251]  "GET /favicon.ico HTTP/1.1" 500

2019-05-09 15:36:44,783 INFO     ___FILE_ONLY___ 2019-05-08 15:26:28 default[20190508t152530]  "GET / HTTP/1.1" 500

2019-05-09 15:36:44,783 INFO     ___FILE_ONLY___ 2019-05-08 15:26:33 default[20190508t152530]  "GET /favicon.ico HTTP/1.1" 500

2019-05-09 15:36:44,784 INFO     ___FILE_ONLY___ 2019-05-08 15:26:49 default[20190508t152530]  "GET / HTTP/1.1" 500

2019-05-09 15:36:44,784 INFO     ___FILE_ONLY___ 2019-05-08 15:26:50 default[20190508t152530]  "GET /favicon.ico HTTP/1.1" 500

2019-05-09 15:36:44,785 INFO     ___FILE_ONLY___ 2019-05-08 15:31:15 default[20190508t152530]  "GET / HTTP/1.1" 500

2019-05-09 15:36:44,785 INFO     ___FILE_ONLY___ 2019-05-08 15:31:16 default[20190508t152530]  "GET /favicon.ico HTTP/1.1" 500

2019-05-09 15:36:44,786 INFO     ___FILE_ONLY___ 2019-05-08 15:31:35 default[20190508t153029]  "GET / HTTP/1.1" 500

2019-05-09 15:36:44,786 INFO     ___FILE_ONLY___ 2019-05-08 15:31:40 default[20190508t153029]  "GET /favicon.ico HTTP/1.1" 500

2019-05-09 15:36:44,787 INFO     ___FILE_ONLY___ 2019-05-08 15:34:47 default[20190508t153339]  "GET / HTTP/1.1" 500

2019-05-09 15:36:44,787 INFO     ___FILE_ONLY___ 2019-05-08 15:34:51 default[20190508t153339]  "GET /favicon.ico HTTP/1.1" 500

2019-05-09 15:36:44,788 INFO     ___FILE_ONLY___ 2019-05-08 15:40:48 default[20190508t153941]  "GET / HTTP/1.1" 500

2019-05-09 15:36:44,788 INFO     ___FILE_ONLY___ 2019-05-08 15:41:02 default[20190508t153941]  "GET /favicon.ico HTTP/1.1" 500

2019-05-09 15:36:44,789 INFO     ___FILE_ONLY___ 2019-05-08 20:18:54 default[20190508t201739]  "GET / HTTP/1.1" 500

2019-05-09 15:36:44,789 INFO     ___FILE_ONLY___ 2019-05-08 20:19:00 default[20190508t201739]  "GET /favicon.ico HTTP/1.1" 500

2019-05-09 15:36:44,790 INFO     ___FILE_ONLY___ 2019-05-08 20:19:05 default[20190508t201739]  "GET / HTTP/1.1" 500

2019-05-09 15:36:44,790 INFO     ___FILE_ONLY___ 2019-05-08 20:19:05 default[20190508t201739]  "GET /favicon.ico HTTP/1.1" 500

2019-05-09 15:36:44,791 INFO     ___FILE_ONLY___ 2019-05-08 20:19:24 default[20190508t201739]  "GET / HTTP/1.1" 500

2019-05-09 15:36:44,791 INFO     ___FILE_ONLY___ 2019-05-08 20:19:25 default[20190508t201739]  "GET /favicon.ico HTTP/1.1" 500

2019-05-09 15:36:44,792 INFO     ___FILE_ONLY___ 2019-05-08 20:21:09 default[20190508t202019]  "GET / HTTP/1.1" 500

2019-05-09 15:36:44,792 INFO     ___FILE_ONLY___ 2019-05-08 20:21:14 default[20190508t202019]  "GET /favicon.ico HTTP/1.1" 500

2019-05-09 15:36:44,793 INFO     ___FILE_ONLY___ 2019-05-09 11:23:43 default[20190509t112239]  "GET / HTTP/1.1" 500

2019-05-09 15:36:44,793 INFO     ___FILE_ONLY___ 2019-05-09 11:23:45 default[20190509t112239]  "GET /favicon.ico HTTP/1.1" 500

2019-05-09 15:36:44,794 INFO     ___FILE_ONLY___ 2019-05-09 11:23:53 default[20190509t112239]  "GET /sensors/sensor_id/SB02 HTTP/1.1" 500

2019-05-09 15:36:44,794 INFO     ___FILE_ONLY___ 2019-05-09 11:23:54 default[20190509t112239]  "GET /favicon.ico HTTP/1.1" 500

2019-05-09 15:36:44,795 INFO     ___FILE_ONLY___ 2019-05-09 11:23:56 default[20190509t112239]  "GET /sensors/sensor_id/SB02 HTTP/1.1" 500

2019-05-09 15:36:44,795 INFO     ___FILE_ONLY___ 2019-05-09 11:23:57 default[20190509t112239]  "GET /favicon.ico HTTP/1.1" 500

2019-05-09 15:36:44,795 INFO     ___FILE_ONLY___ 2019-05-09 11:24:19 default[20190509t112239]  "GET /sensors/sensor_id/SB02 HTTP/1.1" 500

2019-05-09 15:36:44,796 INFO     ___FILE_ONLY___ 2019-05-09 11:24:19 default[20190509t112239]  "GET /favicon.ico HTTP/1.1" 500

2019-05-09 15:36:56,518 INFO     ___FILE_ONLY___ 2019-05-09 15:36:43 default[20190509t153523]  "GET / HTTP/1.1" 404

2019-05-09 15:36:56,519 INFO     ___FILE_ONLY___ 2019-05-09 15:36:46 default[20190509t153523]  "GET /favicon.ico HTTP/1.1" 404

2019-05-09 15:37:28,390 INFO     ___FILE_ONLY___ 2019-05-09 15:37:09 default[20190509t153523]  "GET /api/v1/SmartBin/sensor_id/SB02 HTTP/1.1" 200

2019-05-09 15:37:28,390 INFO     ___FILE_ONLY___ 2019-05-09 15:37:19 default[20190509t153523]  "GET /api/v1/SmartBin/sensor_id/SB02 HTTP/1.1" 200

2019-05-09 15:37:28,391 INFO     ___FILE_ONLY___ 2019-05-09 15:37:21 default[20190509t153523]  "GET /api/v1/SmartBin/sensor_id/SB02 HTTP/1.1" 200

2019-05-09 15:37:39,356 INFO     ___FILE_ONLY___ 2019-05-09 15:37:24 default[20190509t153523]  "GET /api/v1/SmartBin/sensor_id/SB02 HTTP/1.1" 200

2019-05-09 15:37:39,357 INFO     ___FILE_ONLY___ 2019-05-09 15:37:25 default[20190509t153523]  "GET /favicon.ico HTTP/1.1" 404

2019-05-09 15:37:39,358 INFO     ___FILE_ONLY___ 2019-05-09 15:37:29 default[20190509t153523]  "GET /api/v1/SmartBin/sensor_id/SB02 HTTP/1.1" 200

2019-05-09 15:37:50,355 INFO     ___FILE_ONLY___ 2019-05-09 15:37:37 default[20190509t153523]  "GET / HTTP/1.1" 404

2019-05-09 15:37:50,356 INFO     ___FILE_ONLY___ 2019-05-09 15:37:37 default[20190509t153523]  "GET /favicon.ico HTTP/1.1" 404

2019-05-09 15:37:50,357 INFO     ___FILE_ONLY___ 2019-05-09 15:37:39 default[20190509t153523]  "GET / HTTP/1.1" 404

2019-05-09 15:38:12,034 INFO     ___FILE_ONLY___ 2019-05-09 15:37:56 default[20190509t153523]  "GET /api/v1/SmartBin/sensor_id/SB02 HTTP/1.1" 200

2019-05-09 15:38:35,192 INFO     ___FILE_ONLY___ 

Command killed by keyboard interrupt


