2019-05-09 15:54:46,330 DEBUG    root            Loaded Command Group: [u'gcloud', u'app']
2019-05-09 15:54:46,332 DEBUG    root            Loaded Command Group: [u'gcloud', u'app', u'logs']
2019-05-09 15:54:46,373 DEBUG    root            Loaded Command Group: [u'gcloud', u'app', u'logs', u'tail']
2019-05-09 15:54:46,376 DEBUG    root            Running [gcloud.app.logs.tail] with arguments: [--service: "default"]
2019-05-09 15:54:46,378 INFO     ___FILE_ONLY___ Waiting for new log entries...

2019-05-09 15:54:49,861 INFO     ___FILE_ONLY___ 2019-05-08 14:41:30 default[20190508t144048]  "GET / HTTP/1.1" 500

2019-05-09 15:54:49,862 INFO     ___FILE_ONLY___ 2019-05-08 14:41:44 default[20190508t144048]  "GET /favicon.ico HTTP/1.1" 500

2019-05-09 15:54:49,862 INFO     ___FILE_ONLY___ 2019-05-08 14:43:11 default[20190508t144048]  "GET /home HTTP/1.1" 500

2019-05-09 15:54:49,863 INFO     ___FILE_ONLY___ 2019-05-08 14:43:12 default[20190508t144048]  "GET /favicon.ico HTTP/1.1" 500

2019-05-09 15:54:49,863 INFO     ___FILE_ONLY___ 2019-05-08 14:43:15 default[20190508t144048]  "GET /home HTTP/1.1" 500

2019-05-09 15:54:49,864 INFO     ___FILE_ONLY___ 2019-05-08 14:43:16 default[20190508t144048]  "GET /favicon.ico HTTP/1.1" 500

2019-05-09 15:54:49,864 INFO     ___FILE_ONLY___ 2019-05-08 14:43:17 default[20190508t144048]  "GET /home HTTP/1.1" 500

2019-05-09 15:54:49,865 INFO     ___FILE_ONLY___ 2019-05-08 14:43:18 default[20190508t144048]  "GET /favicon.ico HTTP/1.1" 500

2019-05-09 15:54:49,865 INFO     ___FILE_ONLY___ 2019-05-08 14:45:21 default[20190508t144443]  "GET / HTTP/1.1" 500

2019-05-09 15:54:49,866 INFO     ___FILE_ONLY___ 2019-05-08 14:45:25 default[20190508t144443]  "GET /favicon.ico HTTP/1.1" 500

2019-05-09 15:54:49,866 INFO     ___FILE_ONLY___ 2019-05-08 14:45:36 default[20190508t144443]  "GET / HTTP/1.1" 500

2019-05-09 15:54:49,867 INFO     ___FILE_ONLY___ 2019-05-08 14:45:37 default[20190508t144443]  "GET /favicon.ico HTTP/1.1" 500

2019-05-09 15:54:49,867 INFO     ___FILE_ONLY___ 2019-05-08 14:45:48 default[20190508t144443]  "GET / HTTP/1.1" 500

2019-05-09 15:54:49,868 INFO     ___FILE_ONLY___ 2019-05-08 14:45:48 default[20190508t144443]  "GET /favicon.ico HTTP/1.1" 500

2019-05-09 15:54:49,868 INFO     ___FILE_ONLY___ 2019-05-08 14:47:36 default[20190508t144443]  "GET / HTTP/1.1" 500

2019-05-09 15:54:49,869 INFO     ___FILE_ONLY___ 2019-05-08 14:47:36 default[20190508t144443]  "GET /favicon.ico HTTP/1.1" 500

2019-05-09 15:54:49,869 INFO     ___FILE_ONLY___ 2019-05-08 14:53:15 default[20190508t144654]  "GET / HTTP/1.1" 500

2019-05-09 15:54:49,870 INFO     ___FILE_ONLY___ 2019-05-08 14:53:17 default[20190508t144654]  "GET /favicon.ico HTTP/1.1" 500

2019-05-09 15:54:49,870 INFO     ___FILE_ONLY___ 2019-05-08 14:54:37 default[20190508t144654]  "GET / HTTP/1.1" 500

2019-05-09 15:54:49,871 INFO     ___FILE_ONLY___ 2019-05-08 14:54:38 default[20190508t144654]  "GET /favicon.ico HTTP/1.1" 500

2019-05-09 15:54:49,871 INFO     ___FILE_ONLY___ 2019-05-08 14:54:59 default[20190508t144654]  "GET / HTTP/1.1" 500

2019-05-09 15:54:49,871 INFO     ___FILE_ONLY___ 2019-05-08 14:54:59 default[20190508t144654]  "GET /favicon.ico HTTP/1.1" 500

2019-05-09 15:54:49,872 INFO     ___FILE_ONLY___ 2019-05-08 14:55:40 default[20190508t144654]  "GET /favicon.ico HTTP/1.1" 500

2019-05-09 15:54:49,872 INFO     ___FILE_ONLY___ 2019-05-08 14:55:41 default[20190508t144654]  "GET /favicon.ico HTTP/1.1" 500

2019-05-09 15:54:49,873 INFO     ___FILE_ONLY___ 2019-05-08 15:04:20 default[20190508t144654]  "GET / HTTP/1.1" 500

2019-05-09 15:54:49,873 INFO     ___FILE_ONLY___ 2019-05-08 15:04:21 default[20190508t144654]  "GET /favicon.ico HTTP/1.1" 500

2019-05-09 15:54:49,874 INFO     ___FILE_ONLY___ 2019-05-08 15:07:57 default[20190508t150602]  "GET / HTTP/1.1" 500

2019-05-09 15:54:49,874 INFO     ___FILE_ONLY___ 2019-05-08 15:08:01 default[20190508t150602]  "GET / HTTP/1.1" 500

2019-05-09 15:54:49,875 INFO     ___FILE_ONLY___ 2019-05-08 15:08:05 default[20190508t150602]  "GET /favicon.ico HTTP/1.1" 500

2019-05-09 15:54:49,875 INFO     ___FILE_ONLY___ 2019-05-08 15:08:17 default[20190508t150602]  "GET / HTTP/1.1" 500

2019-05-09 15:54:49,876 INFO     ___FILE_ONLY___ 2019-05-08 15:08:18 default[20190508t150602]  "GET /favicon.ico HTTP/1.1" 500

2019-05-09 15:54:49,876 INFO     ___FILE_ONLY___ 2019-05-08 15:11:16 default[20190508t150602]  "GET / HTTP/1.1" 500

2019-05-09 15:54:49,877 INFO     ___FILE_ONLY___ 2019-05-08 15:11:17 default[20190508t150602]  "GET /favicon.ico HTTP/1.1" 500

2019-05-09 15:54:49,877 INFO     ___FILE_ONLY___ 2019-05-08 15:20:29 default[20190508t151939]  "GET / HTTP/1.1" 500

2019-05-09 15:54:49,878 INFO     ___FILE_ONLY___ 2019-05-08 15:20:33 default[20190508t151939]  "GET /favicon.ico HTTP/1.1" 500

2019-05-09 15:54:49,879 INFO     ___FILE_ONLY___ 2019-05-08 15:20:42 default[20190508t151939]  "GET / HTTP/1.1" 500

2019-05-09 15:54:49,879 INFO     ___FILE_ONLY___ 2019-05-08 15:20:43 default[20190508t151939]  "GET /favicon.ico HTTP/1.1" 500

2019-05-09 15:54:49,879 INFO     ___FILE_ONLY___ 2019-05-08 15:22:17 default[20190508t152124]  "GET / HTTP/1.1" 500

2019-05-09 15:54:49,880 INFO     ___FILE_ONLY___ 2019-05-08 15:22:20 default[20190508t152124]  "GET /favicon.ico HTTP/1.1" 500

2019-05-09 15:54:49,880 INFO     ___FILE_ONLY___ 2019-05-08 15:23:33 default[20190508t152251]  "GET / HTTP/1.1" 500

2019-05-09 15:54:49,881 INFO     ___FILE_ONLY___ 2019-05-08 15:23:34 default[20190508t152251]  "GET / HTTP/1.1" 500

2019-05-09 15:54:49,881 INFO     ___FILE_ONLY___ 2019-05-08 15:23:37 default[20190508t152251]  "GET /favicon.ico HTTP/1.1" 500

2019-05-09 15:54:49,882 INFO     ___FILE_ONLY___ 2019-05-08 15:26:28 default[20190508t152530]  "GET / HTTP/1.1" 500

2019-05-09 15:54:49,882 INFO     ___FILE_ONLY___ 2019-05-08 15:26:33 default[20190508t152530]  "GET /favicon.ico HTTP/1.1" 500

2019-05-09 15:54:49,883 INFO     ___FILE_ONLY___ 2019-05-08 15:26:49 default[20190508t152530]  "GET / HTTP/1.1" 500

2019-05-09 15:54:49,883 INFO     ___FILE_ONLY___ 2019-05-08 15:26:50 default[20190508t152530]  "GET /favicon.ico HTTP/1.1" 500

2019-05-09 15:54:49,884 INFO     ___FILE_ONLY___ 2019-05-08 15:31:15 default[20190508t152530]  "GET / HTTP/1.1" 500

2019-05-09 15:54:49,884 INFO     ___FILE_ONLY___ 2019-05-08 15:31:16 default[20190508t152530]  "GET /favicon.ico HTTP/1.1" 500

2019-05-09 15:54:49,885 INFO     ___FILE_ONLY___ 2019-05-08 15:31:35 default[20190508t153029]  "GET / HTTP/1.1" 500

2019-05-09 15:54:49,885 INFO     ___FILE_ONLY___ 2019-05-08 15:31:40 default[20190508t153029]  "GET /favicon.ico HTTP/1.1" 500

2019-05-09 15:54:49,886 INFO     ___FILE_ONLY___ 2019-05-08 15:34:47 default[20190508t153339]  "GET / HTTP/1.1" 500

2019-05-09 15:54:49,886 INFO     ___FILE_ONLY___ 2019-05-08 15:34:51 default[20190508t153339]  "GET /favicon.ico HTTP/1.1" 500

2019-05-09 15:54:49,887 INFO     ___FILE_ONLY___ 2019-05-08 15:40:48 default[20190508t153941]  "GET / HTTP/1.1" 500

2019-05-09 15:54:49,887 INFO     ___FILE_ONLY___ 2019-05-08 15:41:02 default[20190508t153941]  "GET /favicon.ico HTTP/1.1" 500

2019-05-09 15:54:49,887 INFO     ___FILE_ONLY___ 2019-05-08 20:18:54 default[20190508t201739]  "GET / HTTP/1.1" 500

2019-05-09 15:54:49,888 INFO     ___FILE_ONLY___ 2019-05-08 20:19:00 default[20190508t201739]  "GET /favicon.ico HTTP/1.1" 500

2019-05-09 15:54:49,888 INFO     ___FILE_ONLY___ 2019-05-08 20:19:05 default[20190508t201739]  "GET / HTTP/1.1" 500

2019-05-09 15:54:49,889 INFO     ___FILE_ONLY___ 2019-05-08 20:19:05 default[20190508t201739]  "GET /favicon.ico HTTP/1.1" 500

2019-05-09 15:54:49,889 INFO     ___FILE_ONLY___ 2019-05-08 20:19:24 default[20190508t201739]  "GET / HTTP/1.1" 500

2019-05-09 15:54:49,890 INFO     ___FILE_ONLY___ 2019-05-08 20:19:25 default[20190508t201739]  "GET /favicon.ico HTTP/1.1" 500

2019-05-09 15:54:49,890 INFO     ___FILE_ONLY___ 2019-05-08 20:21:09 default[20190508t202019]  "GET / HTTP/1.1" 500

2019-05-09 15:54:49,891 INFO     ___FILE_ONLY___ 2019-05-08 20:21:14 default[20190508t202019]  "GET /favicon.ico HTTP/1.1" 500

2019-05-09 15:54:49,891 INFO     ___FILE_ONLY___ 2019-05-09 11:23:43 default[20190509t112239]  "GET / HTTP/1.1" 500

2019-05-09 15:54:49,892 INFO     ___FILE_ONLY___ 2019-05-09 11:23:45 default[20190509t112239]  "GET /favicon.ico HTTP/1.1" 500

2019-05-09 15:54:49,892 INFO     ___FILE_ONLY___ 2019-05-09 11:23:53 default[20190509t112239]  "GET /sensors/sensor_id/SB02 HTTP/1.1" 500

2019-05-09 15:54:49,893 INFO     ___FILE_ONLY___ 2019-05-09 11:23:54 default[20190509t112239]  "GET /favicon.ico HTTP/1.1" 500

2019-05-09 15:54:49,893 INFO     ___FILE_ONLY___ 2019-05-09 11:23:56 default[20190509t112239]  "GET /sensors/sensor_id/SB02 HTTP/1.1" 500

2019-05-09 15:54:49,894 INFO     ___FILE_ONLY___ 2019-05-09 11:23:57 default[20190509t112239]  "GET /favicon.ico HTTP/1.1" 500

2019-05-09 15:54:49,894 INFO     ___FILE_ONLY___ 2019-05-09 11:24:19 default[20190509t112239]  "GET /sensors/sensor_id/SB02 HTTP/1.1" 500

2019-05-09 15:54:49,894 INFO     ___FILE_ONLY___ 2019-05-09 11:24:19 default[20190509t112239]  "GET /favicon.ico HTTP/1.1" 500

2019-05-09 15:54:49,895 INFO     ___FILE_ONLY___ 2019-05-09 15:36:43 default[20190509t153523]  "GET / HTTP/1.1" 404

2019-05-09 15:54:49,895 INFO     ___FILE_ONLY___ 2019-05-09 15:36:46 default[20190509t153523]  "GET /favicon.ico HTTP/1.1" 404

2019-05-09 15:54:49,896 INFO     ___FILE_ONLY___ 2019-05-09 15:37:09 default[20190509t153523]  "GET /api/v1/SmartBin/sensor_id/SB02 HTTP/1.1" 200

2019-05-09 15:54:49,896 INFO     ___FILE_ONLY___ 2019-05-09 15:37:19 default[20190509t153523]  "GET /api/v1/SmartBin/sensor_id/SB02 HTTP/1.1" 200

2019-05-09 15:54:49,897 INFO     ___FILE_ONLY___ 2019-05-09 15:37:21 default[20190509t153523]  "GET /api/v1/SmartBin/sensor_id/SB02 HTTP/1.1" 200

2019-05-09 15:54:49,897 INFO     ___FILE_ONLY___ 2019-05-09 15:37:24 default[20190509t153523]  "GET /api/v1/SmartBin/sensor_id/SB02 HTTP/1.1" 200

2019-05-09 15:54:49,898 INFO     ___FILE_ONLY___ 2019-05-09 15:37:25 default[20190509t153523]  "GET /favicon.ico HTTP/1.1" 404

2019-05-09 15:54:49,898 INFO     ___FILE_ONLY___ 2019-05-09 15:37:29 default[20190509t153523]  "GET /api/v1/SmartBin/sensor_id/SB02 HTTP/1.1" 200

2019-05-09 15:54:49,899 INFO     ___FILE_ONLY___ 2019-05-09 15:37:37 default[20190509t153523]  "GET / HTTP/1.1" 404

2019-05-09 15:54:49,899 INFO     ___FILE_ONLY___ 2019-05-09 15:37:37 default[20190509t153523]  "GET /favicon.ico HTTP/1.1" 404

2019-05-09 15:54:49,900 INFO     ___FILE_ONLY___ 2019-05-09 15:37:39 default[20190509t153523]  "GET / HTTP/1.1" 404

2019-05-09 15:54:49,900 INFO     ___FILE_ONLY___ 2019-05-09 15:37:56 default[20190509t153523]  "GET /api/v1/SmartBin/sensor_id/SB02 HTTP/1.1" 200

2019-05-09 15:54:49,901 INFO     ___FILE_ONLY___ 2019-05-09 15:38:54 default[20190509t153523]  "GET /api/v1/sensor_id/SB02 HTTP/1.1" 404

2019-05-09 15:54:49,901 INFO     ___FILE_ONLY___ 2019-05-09 15:43:52 default[20190509t153523]  "GET /api/v1/sensor_id/SB02 HTTP/1.1" 404

2019-05-09 15:54:49,902 INFO     ___FILE_ONLY___ 2019-05-09 15:44:19 default[20190509t153523]  "GET /api/v1/SmartBin/sensor_id/SB02 HTTP/1.1" 200

2019-05-09 15:54:49,902 INFO     ___FILE_ONLY___ 2019-05-09 15:52:43 default[20190509t155147]  "GET /api/v1/sensor_id/SB02 HTTP/1.1" 500

2019-05-09 15:54:49,902 INFO     ___FILE_ONLY___ 2019-05-09 15:52:53 default[20190509t155147]  "GET /favicon.ico HTTP/1.1" 500

2019-05-09 15:54:49,903 INFO     ___FILE_ONLY___ 2019-05-09 15:53:05 default[20190509t155147]  "GET /api/v1/sensor_id/SB02 HTTP/1.1" 500

2019-05-09 15:54:49,903 INFO     ___FILE_ONLY___ 2019-05-09 15:53:11 default[20190509t155147]  "GET /api/v1/smartBin HTTP/1.1" 500

2019-05-09 15:54:49,904 INFO     ___FILE_ONLY___ 2019-05-09 15:53:11 default[20190509t155147]  "GET /favicon.ico HTTP/1.1" 500

2019-05-09 15:54:49,904 INFO     ___FILE_ONLY___ 2019-05-09 15:53:20 default[20190509t155147]  "GET /api/v1/SmartBin HTTP/1.1" 500

2019-05-09 15:54:49,905 INFO     ___FILE_ONLY___ 2019-05-09 15:53:20 default[20190509t155147]  "GET /favicon.ico HTTP/1.1" 500

2019-05-09 15:54:49,905 INFO     ___FILE_ONLY___ 2019-05-09 15:53:39 default[20190509t155147]  "GET /api/v1/SmartBin/sensor_id/SB02 HTTP/1.1" 500

2019-05-09 15:54:49,906 INFO     ___FILE_ONLY___ 2019-05-09 15:53:40 default[20190509t155147]  "GET /api/v1/SmartBin/sensor_id/SB02 HTTP/1.1" 500

2019-05-09 15:54:49,906 INFO     ___FILE_ONLY___ 2019-05-09 15:53:40 default[20190509t155147]  "GET /favicon.ico HTTP/1.1" 500

2019-05-09 15:55:02,344 INFO     ___FILE_ONLY___ 2019-05-09 15:54:54 default[20190509t155147]  "GET / HTTP/1.1" 500

2019-05-09 15:55:18,454 INFO     ___FILE_ONLY___ 

Command killed by keyboard interrupt


