2019-05-09 15:57:48,326 DEBUG    root            Loaded Command Group: [u'gcloud', u'app']
2019-05-09 15:57:48,328 DEBUG    root            Loaded Command Group: [u'gcloud', u'app', u'logs']
2019-05-09 15:57:48,369 DEBUG    root            Loaded Command Group: [u'gcloud', u'app', u'logs', u'tail']
2019-05-09 15:57:48,372 DEBUG    root            Running [gcloud.app.logs.tail] with arguments: [--service: "default"]
2019-05-09 15:57:48,374 INFO     ___FILE_ONLY___ Waiting for new log entries...

2019-05-09 15:57:49,601 INFO     ___FILE_ONLY___ 2019-05-08 14:41:30 default[20190508t144048]  "GET / HTTP/1.1" 500

2019-05-09 15:57:49,602 INFO     ___FILE_ONLY___ 2019-05-08 14:41:44 default[20190508t144048]  "GET /favicon.ico HTTP/1.1" 500

2019-05-09 15:57:49,603 INFO     ___FILE_ONLY___ 2019-05-08 14:43:11 default[20190508t144048]  "GET /home HTTP/1.1" 500

2019-05-09 15:57:49,603 INFO     ___FILE_ONLY___ 2019-05-08 14:43:12 default[20190508t144048]  "GET /favicon.ico HTTP/1.1" 500

2019-05-09 15:57:49,604 INFO     ___FILE_ONLY___ 2019-05-08 14:43:15 default[20190508t144048]  "GET /home HTTP/1.1" 500

2019-05-09 15:57:49,604 INFO     ___FILE_ONLY___ 2019-05-08 14:43:16 default[20190508t144048]  "GET /favicon.ico HTTP/1.1" 500

2019-05-09 15:57:49,605 INFO     ___FILE_ONLY___ 2019-05-08 14:43:17 default[20190508t144048]  "GET /home HTTP/1.1" 500

2019-05-09 15:57:49,605 INFO     ___FILE_ONLY___ 2019-05-08 14:43:18 default[20190508t144048]  "GET /favicon.ico HTTP/1.1" 500

2019-05-09 15:57:49,606 INFO     ___FILE_ONLY___ 2019-05-08 14:45:21 default[20190508t144443]  "GET / HTTP/1.1" 500

2019-05-09 15:57:49,606 INFO     ___FILE_ONLY___ 2019-05-08 14:45:25 default[20190508t144443]  "GET /favicon.ico HTTP/1.1" 500

2019-05-09 15:57:49,607 INFO     ___FILE_ONLY___ 2019-05-08 14:45:36 default[20190508t144443]  "GET / HTTP/1.1" 500

2019-05-09 15:57:49,607 INFO     ___FILE_ONLY___ 2019-05-08 14:45:37 default[20190508t144443]  "GET /favicon.ico HTTP/1.1" 500

2019-05-09 15:57:49,608 INFO     ___FILE_ONLY___ 2019-05-08 14:45:48 default[20190508t144443]  "GET / HTTP/1.1" 500

2019-05-09 15:57:49,608 INFO     ___FILE_ONLY___ 2019-05-08 14:45:48 default[20190508t144443]  "GET /favicon.ico HTTP/1.1" 500

2019-05-09 15:57:49,609 INFO     ___FILE_ONLY___ 2019-05-08 14:47:36 default[20190508t144443]  "GET / HTTP/1.1" 500

2019-05-09 15:57:49,609 INFO     ___FILE_ONLY___ 2019-05-08 14:47:36 default[20190508t144443]  "GET /favicon.ico HTTP/1.1" 500

2019-05-09 15:57:49,610 INFO     ___FILE_ONLY___ 2019-05-08 14:53:15 default[20190508t144654]  "GET / HTTP/1.1" 500

2019-05-09 15:57:49,610 INFO     ___FILE_ONLY___ 2019-05-08 14:53:17 default[20190508t144654]  "GET /favicon.ico HTTP/1.1" 500

2019-05-09 15:57:49,611 INFO     ___FILE_ONLY___ 2019-05-08 14:54:37 default[20190508t144654]  "GET / HTTP/1.1" 500

2019-05-09 15:57:49,611 INFO     ___FILE_ONLY___ 2019-05-08 14:54:38 default[20190508t144654]  "GET /favicon.ico HTTP/1.1" 500

2019-05-09 15:57:49,612 INFO     ___FILE_ONLY___ 2019-05-08 14:54:59 default[20190508t144654]  "GET / HTTP/1.1" 500

2019-05-09 15:57:49,612 INFO     ___FILE_ONLY___ 2019-05-08 14:54:59 default[20190508t144654]  "GET /favicon.ico HTTP/1.1" 500

2019-05-09 15:57:49,613 INFO     ___FILE_ONLY___ 2019-05-08 14:55:40 default[20190508t144654]  "GET /favicon.ico HTTP/1.1" 500

2019-05-09 15:57:49,613 INFO     ___FILE_ONLY___ 2019-05-08 14:55:41 default[20190508t144654]  "GET /favicon.ico HTTP/1.1" 500

2019-05-09 15:57:49,614 INFO     ___FILE_ONLY___ 2019-05-08 15:04:20 default[20190508t144654]  "GET / HTTP/1.1" 500

2019-05-09 15:57:49,614 INFO     ___FILE_ONLY___ 2019-05-08 15:04:21 default[20190508t144654]  "GET /favicon.ico HTTP/1.1" 500

2019-05-09 15:57:49,614 INFO     ___FILE_ONLY___ 2019-05-08 15:07:57 default[20190508t150602]  "GET / HTTP/1.1" 500

2019-05-09 15:57:49,615 INFO     ___FILE_ONLY___ 2019-05-08 15:08:01 default[20190508t150602]  "GET / HTTP/1.1" 500

2019-05-09 15:57:49,615 INFO     ___FILE_ONLY___ 2019-05-08 15:08:05 default[20190508t150602]  "GET /favicon.ico HTTP/1.1" 500

2019-05-09 15:57:49,616 INFO     ___FILE_ONLY___ 2019-05-08 15:08:17 default[20190508t150602]  "GET / HTTP/1.1" 500

2019-05-09 15:57:49,616 INFO     ___FILE_ONLY___ 2019-05-08 15:08:18 default[20190508t150602]  "GET /favicon.ico HTTP/1.1" 500

2019-05-09 15:57:49,617 INFO     ___FILE_ONLY___ 2019-05-08 15:11:16 default[20190508t150602]  "GET / HTTP/1.1" 500

2019-05-09 15:57:49,617 INFO     ___FILE_ONLY___ 2019-05-08 15:11:17 default[20190508t150602]  "GET /favicon.ico HTTP/1.1" 500

2019-05-09 15:57:49,618 INFO     ___FILE_ONLY___ 2019-05-08 15:20:29 default[20190508t151939]  "GET / HTTP/1.1" 500

2019-05-09 15:57:49,618 INFO     ___FILE_ONLY___ 2019-05-08 15:20:33 default[20190508t151939]  "GET /favicon.ico HTTP/1.1" 500

2019-05-09 15:57:49,619 INFO     ___FILE_ONLY___ 2019-05-08 15:20:42 default[20190508t151939]  "GET / HTTP/1.1" 500

2019-05-09 15:57:49,619 INFO     ___FILE_ONLY___ 2019-05-08 15:20:43 default[20190508t151939]  "GET /favicon.ico HTTP/1.1" 500

2019-05-09 15:57:49,620 INFO     ___FILE_ONLY___ 2019-05-08 15:22:17 default[20190508t152124]  "GET / HTTP/1.1" 500

2019-05-09 15:57:49,620 INFO     ___FILE_ONLY___ 2019-05-08 15:22:20 default[20190508t152124]  "GET /favicon.ico HTTP/1.1" 500

2019-05-09 15:57:49,621 INFO     ___FILE_ONLY___ 2019-05-08 15:23:33 default[20190508t152251]  "GET / HTTP/1.1" 500

2019-05-09 15:57:49,621 INFO     ___FILE_ONLY___ 2019-05-08 15:23:34 default[20190508t152251]  "GET / HTTP/1.1" 500

2019-05-09 15:57:49,622 INFO     ___FILE_ONLY___ 2019-05-08 15:23:37 default[20190508t152251]  "GET /favicon.ico HTTP/1.1" 500

2019-05-09 15:57:49,622 INFO     ___FILE_ONLY___ 2019-05-08 15:26:28 default[20190508t152530]  "GET / HTTP/1.1" 500

2019-05-09 15:57:49,622 INFO     ___FILE_ONLY___ 2019-05-08 15:26:33 default[20190508t152530]  "GET /favicon.ico HTTP/1.1" 500

2019-05-09 15:57:49,623 INFO     ___FILE_ONLY___ 2019-05-08 15:26:49 default[20190508t152530]  "GET / HTTP/1.1" 500

2019-05-09 15:57:49,623 INFO     ___FILE_ONLY___ 2019-05-08 15:26:50 default[20190508t152530]  "GET /favicon.ico HTTP/1.1" 500

2019-05-09 15:57:49,624 INFO     ___FILE_ONLY___ 2019-05-08 15:31:15 default[20190508t152530]  "GET / HTTP/1.1" 500

2019-05-09 15:57:49,624 INFO     ___FILE_ONLY___ 2019-05-08 15:31:16 default[20190508t152530]  "GET /favicon.ico HTTP/1.1" 500

2019-05-09 15:57:49,625 INFO     ___FILE_ONLY___ 2019-05-08 15:31:35 default[20190508t153029]  "GET / HTTP/1.1" 500

2019-05-09 15:57:49,625 INFO     ___FILE_ONLY___ 2019-05-08 15:31:40 default[20190508t153029]  "GET /favicon.ico HTTP/1.1" 500

2019-05-09 15:57:49,626 INFO     ___FILE_ONLY___ 2019-05-08 15:34:47 default[20190508t153339]  "GET / HTTP/1.1" 500

2019-05-09 15:57:49,626 INFO     ___FILE_ONLY___ 2019-05-08 15:34:51 default[20190508t153339]  "GET /favicon.ico HTTP/1.1" 500

2019-05-09 15:57:49,627 INFO     ___FILE_ONLY___ 2019-05-08 15:40:48 default[20190508t153941]  "GET / HTTP/1.1" 500

2019-05-09 15:57:49,627 INFO     ___FILE_ONLY___ 2019-05-08 15:41:02 default[20190508t153941]  "GET /favicon.ico HTTP/1.1" 500

2019-05-09 15:57:49,628 INFO     ___FILE_ONLY___ 2019-05-08 20:18:54 default[20190508t201739]  "GET / HTTP/1.1" 500

2019-05-09 15:57:49,628 INFO     ___FILE_ONLY___ 2019-05-08 20:19:00 default[20190508t201739]  "GET /favicon.ico HTTP/1.1" 500

2019-05-09 15:57:49,629 INFO     ___FILE_ONLY___ 2019-05-08 20:19:05 default[20190508t201739]  "GET / HTTP/1.1" 500

2019-05-09 15:57:49,629 INFO     ___FILE_ONLY___ 2019-05-08 20:19:05 default[20190508t201739]  "GET /favicon.ico HTTP/1.1" 500

2019-05-09 15:57:49,630 INFO     ___FILE_ONLY___ 2019-05-08 20:19:24 default[20190508t201739]  "GET / HTTP/1.1" 500

2019-05-09 15:57:49,630 INFO     ___FILE_ONLY___ 2019-05-08 20:19:25 default[20190508t201739]  "GET /favicon.ico HTTP/1.1" 500

2019-05-09 15:57:49,630 INFO     ___FILE_ONLY___ 2019-05-08 20:21:09 default[20190508t202019]  "GET / HTTP/1.1" 500

2019-05-09 15:57:49,631 INFO     ___FILE_ONLY___ 2019-05-08 20:21:14 default[20190508t202019]  "GET /favicon.ico HTTP/1.1" 500

2019-05-09 15:57:49,631 INFO     ___FILE_ONLY___ 2019-05-09 11:23:43 default[20190509t112239]  "GET / HTTP/1.1" 500

2019-05-09 15:57:49,632 INFO     ___FILE_ONLY___ 2019-05-09 11:23:45 default[20190509t112239]  "GET /favicon.ico HTTP/1.1" 500

2019-05-09 15:57:49,632 INFO     ___FILE_ONLY___ 2019-05-09 11:23:53 default[20190509t112239]  "GET /sensors/sensor_id/SB02 HTTP/1.1" 500

2019-05-09 15:57:49,633 INFO     ___FILE_ONLY___ 2019-05-09 11:23:54 default[20190509t112239]  "GET /favicon.ico HTTP/1.1" 500

2019-05-09 15:57:49,633 INFO     ___FILE_ONLY___ 2019-05-09 11:23:56 default[20190509t112239]  "GET /sensors/sensor_id/SB02 HTTP/1.1" 500

2019-05-09 15:57:49,634 INFO     ___FILE_ONLY___ 2019-05-09 11:23:57 default[20190509t112239]  "GET /favicon.ico HTTP/1.1" 500

2019-05-09 15:57:49,634 INFO     ___FILE_ONLY___ 2019-05-09 11:24:19 default[20190509t112239]  "GET /sensors/sensor_id/SB02 HTTP/1.1" 500

2019-05-09 15:57:49,635 INFO     ___FILE_ONLY___ 2019-05-09 11:24:19 default[20190509t112239]  "GET /favicon.ico HTTP/1.1" 500

2019-05-09 15:57:49,635 INFO     ___FILE_ONLY___ 2019-05-09 15:36:43 default[20190509t153523]  "GET / HTTP/1.1" 404

2019-05-09 15:57:49,636 INFO     ___FILE_ONLY___ 2019-05-09 15:36:46 default[20190509t153523]  "GET /favicon.ico HTTP/1.1" 404

2019-05-09 15:57:49,636 INFO     ___FILE_ONLY___ 2019-05-09 15:37:09 default[20190509t153523]  "GET /api/v1/SmartBin/sensor_id/SB02 HTTP/1.1" 200

2019-05-09 15:57:49,637 INFO     ___FILE_ONLY___ 2019-05-09 15:37:19 default[20190509t153523]  "GET /api/v1/SmartBin/sensor_id/SB02 HTTP/1.1" 200

2019-05-09 15:57:49,637 INFO     ___FILE_ONLY___ 2019-05-09 15:37:21 default[20190509t153523]  "GET /api/v1/SmartBin/sensor_id/SB02 HTTP/1.1" 200

2019-05-09 15:57:49,638 INFO     ___FILE_ONLY___ 2019-05-09 15:37:24 default[20190509t153523]  "GET /api/v1/SmartBin/sensor_id/SB02 HTTP/1.1" 200

2019-05-09 15:57:49,638 INFO     ___FILE_ONLY___ 2019-05-09 15:37:25 default[20190509t153523]  "GET /favicon.ico HTTP/1.1" 404

2019-05-09 15:57:49,639 INFO     ___FILE_ONLY___ 2019-05-09 15:37:29 default[20190509t153523]  "GET /api/v1/SmartBin/sensor_id/SB02 HTTP/1.1" 200

2019-05-09 15:57:49,639 INFO     ___FILE_ONLY___ 2019-05-09 15:37:37 default[20190509t153523]  "GET / HTTP/1.1" 404

2019-05-09 15:57:49,640 INFO     ___FILE_ONLY___ 2019-05-09 15:37:37 default[20190509t153523]  "GET /favicon.ico HTTP/1.1" 404

2019-05-09 15:57:49,640 INFO     ___FILE_ONLY___ 2019-05-09 15:37:39 default[20190509t153523]  "GET / HTTP/1.1" 404

2019-05-09 15:57:49,641 INFO     ___FILE_ONLY___ 2019-05-09 15:37:56 default[20190509t153523]  "GET /api/v1/SmartBin/sensor_id/SB02 HTTP/1.1" 200

2019-05-09 15:57:49,641 INFO     ___FILE_ONLY___ 2019-05-09 15:38:54 default[20190509t153523]  "GET /api/v1/sensor_id/SB02 HTTP/1.1" 404

2019-05-09 15:57:49,641 INFO     ___FILE_ONLY___ 2019-05-09 15:43:52 default[20190509t153523]  "GET /api/v1/sensor_id/SB02 HTTP/1.1" 404

2019-05-09 15:57:49,642 INFO     ___FILE_ONLY___ 2019-05-09 15:44:19 default[20190509t153523]  "GET /api/v1/SmartBin/sensor_id/SB02 HTTP/1.1" 200

2019-05-09 15:57:49,642 INFO     ___FILE_ONLY___ 2019-05-09 15:52:43 default[20190509t155147]  "GET /api/v1/sensor_id/SB02 HTTP/1.1" 500

2019-05-09 15:57:49,643 INFO     ___FILE_ONLY___ 2019-05-09 15:52:53 default[20190509t155147]  "GET /favicon.ico HTTP/1.1" 500

2019-05-09 15:57:49,643 INFO     ___FILE_ONLY___ 2019-05-09 15:53:05 default[20190509t155147]  "GET /api/v1/sensor_id/SB02 HTTP/1.1" 500

2019-05-09 15:57:49,644 INFO     ___FILE_ONLY___ 2019-05-09 15:53:11 default[20190509t155147]  "GET /api/v1/smartBin HTTP/1.1" 500

2019-05-09 15:57:49,644 INFO     ___FILE_ONLY___ 2019-05-09 15:53:11 default[20190509t155147]  "GET /favicon.ico HTTP/1.1" 500

2019-05-09 15:57:49,645 INFO     ___FILE_ONLY___ 2019-05-09 15:53:20 default[20190509t155147]  "GET /api/v1/SmartBin HTTP/1.1" 500

2019-05-09 15:57:49,645 INFO     ___FILE_ONLY___ 2019-05-09 15:53:20 default[20190509t155147]  "GET /favicon.ico HTTP/1.1" 500

2019-05-09 15:57:49,646 INFO     ___FILE_ONLY___ 2019-05-09 15:53:39 default[20190509t155147]  "GET /api/v1/SmartBin/sensor_id/SB02 HTTP/1.1" 500

2019-05-09 15:57:49,646 INFO     ___FILE_ONLY___ 2019-05-09 15:53:40 default[20190509t155147]  "GET /api/v1/SmartBin/sensor_id/SB02 HTTP/1.1" 500

2019-05-09 15:57:49,647 INFO     ___FILE_ONLY___ 2019-05-09 15:53:40 default[20190509t155147]  "GET /favicon.ico HTTP/1.1" 500

2019-05-09 15:57:49,647 INFO     ___FILE_ONLY___ 2019-05-09 15:54:54 default[20190509t155147]  "GET / HTTP/1.1" 500

2019-05-09 15:57:49,648 INFO     ___FILE_ONLY___ 2019-05-09 15:57:35 default[20190509t155147]  "GET /api/v1/SmartBin HTTP/1.1" 500

2019-05-09 15:57:49,648 INFO     ___FILE_ONLY___ 2019-05-09 15:57:38 default[20190509t155147]  "GET /api/v1/SmartBin HTTP/1.1" 500

2019-05-09 15:58:14,643 INFO     ___FILE_ONLY___ 

Command killed by keyboard interrupt


